<?xml version="1.0" encoding="UTF-8"?>
<!-- Generated by org.testng.reporters.JUnitReportReporter -->
<testsuite hostname="NAVIALONE" failures="0" tests="3" name="SeleniumGrid.GridTest" time="42.281" errors="0" timestamp="2025-10-30T14:24:22 IST" skipped="0">
  <testcase classname="SeleniumGrid.GridTest" name="amazonSearchTest" time="14.020"/>
  <testcase classname="SeleniumGrid.GridTest" name="amazonSearchTest" time="13.695"/>
  <testcase classname="SeleniumGrid.GridTest" name="amazonSearchTest" time="14.566"/>
</testsuite> <!-- SeleniumGrid.GridTest -->
