<?xml version="1.0" encoding="UTF-8"?>
<!-- Generated by org.testng.reporters.JUnitReportReporter -->
<testsuite hostname="NAVIALONE" failures="0" tests="5" name="scenario1.OHRM_DDT" time="273.966" errors="0" timestamp="2025-10-29T23:11:23 IST" skipped="0">
  <testcase classname="scenario1.OHRM_DDT" name="Ohrmlogin" time="28.701"/>
  <testcase classname="scenario1.OHRM_DDT" name="Ohrmlogin" time="69.509"/>
  <testcase classname="scenario1.OHRM_DDT" name="Ohrmlogin" time="123.202"/>
  <testcase classname="scenario1.OHRM_DDT" name="Ohrmlogin" time="37.243"/>
  <testcase classname="scenario1.OHRM_DDT" name="Ohrmlogin" time="15.311"/>
</testsuite> <!-- scenario1.OHRM_DDT -->
