<?xml version="1.0" encoding="UTF-8"?>
<!-- Generated by org.testng.reporters.JUnitReportReporter -->
<testsuite hostname="NAVIALONE" failures="0" tests="4" name="Bstack.Checkouttest" time="15.983" errors="0" timestamp="2025-10-30T01:03:33 IST" skipped="0">
  <testcase classname="Bstack.Checkouttest" name="login" time="4.570"/>
  <testcase classname="Bstack.Checkouttest" name="productsearch" time="4.210"/>
  <testcase classname="Bstack.Checkouttest" name="addtocart" time="0.682"/>
  <testcase classname="Bstack.Checkouttest" name="checkout" time="6.521"/>
</testsuite> <!-- Bstack.Checkouttest -->
