<?xml version="1.0" encoding="UTF-8"?>
<!-- Generated by org.testng.reporters.JUnitReportReporter -->
<testsuite hostname="NAVIALONE" failures="0" tests="3" name="SeleniumGrid.AmazonGridTest" time="22.732" errors="0" timestamp="2025-10-30T15:01:19 IST" skipped="0">
  <testcase classname="SeleniumGrid.AmazonGridTest" name="openAmazon" time="8.815"/>
  <testcase classname="SeleniumGrid.AmazonGridTest" name="openAmazon" time="6.555"/>
  <testcase classname="SeleniumGrid.AmazonGridTest" name="openAmazon" time="7.362"/>
</testsuite> <!-- SeleniumGrid.AmazonGridTest -->
