<?xml version="1.0" encoding="UTF-8"?>
<!-- Generated by org.testng.reporters.JUnitReportReporter -->
<testsuite hostname="NAVIALONE" failures="0" tests="3" name="Bstack.Logintest" time="17.303" errors="0" timestamp="2025-10-30T00:52:42 IST" skipped="0">
  <testcase classname="Bstack.Logintest" name="valid" time="5.872"/>
  <testcase classname="Bstack.Logintest" name="invalid" time="5.795"/>
  <testcase classname="Bstack.Logintest" name="empty" time="5.636"/>
</testsuite> <!-- Bstack.Logintest -->
